Info 0    [10:57:46.220] Starting TS Server
Info 1    [10:57:46.221] Version: 3.5.3
Info 2    [10:57:46.221] Arguments: /usr/bin/node /usr/bin/tsserver --logFile /home/felix/git/rpio/mdb/pages-vendors/.log/tsserver.log --logVerbosity info --cancellationPipeName /tmp/8881cb71ddc793f2ad7bffc3586e4027/tscancellation*
Info 3    [10:57:46.221] Platform: linux NodeVersion: 8 CaseSensitive: true
Info 4    [10:57:46.233] Search path: /home/felix/git/rpio/mdb/pages-vendors/snippets
Info 5    [10:57:46.233] For info: /home/felix/git/rpio/mdb/pages-vendors/snippets/rrn-quick-example.js :: Config file name: /home/felix/git/rpio/mdb/pages-vendors/jsconfig.json
Info 6    [10:57:46.234] Opened configuration file /home/felix/git/rpio/mdb/pages-vendors/jsconfig.json
Info 7    [10:57:49.770] Starting updateGraphWorker: Project: /home/felix/git/rpio/mdb/pages-vendors/jsconfig.json
Info 8    [10:57:57.409] Finishing updateGraphWorker: Project: /home/felix/git/rpio/mdb/pages-vendors/jsconfig.json Version: 1 structureChanged: true Elapsed: 7639ms
Info 9    [10:57:57.409] Project '/home/felix/git/rpio/mdb/pages-vendors/jsconfig.json' (Configured) 
Info 10   [10:57:57.410] 	Files (436)

Info 11   [10:57:57.410] -----------------------------------------------
Info 12   [10:57:57.442] Search path: /home/felix/git/rpio/mdb/pages-vendors/snippets
Info 13   [10:57:57.442] For info: /home/felix/git/rpio/mdb/pages-vendors/snippets/rrn-quick-example-response.js :: Config file name: /home/felix/git/rpio/mdb/pages-vendors/jsconfig.json
Info 14   [10:57:57.445] DirectoryWatcher:: Triggered with /home/felix/git/rpio/mdb/pages-vendors/.log/ti-12204.log :: WatchInfo: /home/felix/git/rpio/mdb/pages-vendors 1 Project: /home/felix/git/rpio/mdb/pages-vendors/jsconfig.json WatchType: Wild card directory
Info 15   [10:57:57.446] Project: /home/felix/git/rpio/mdb/pages-vendors/jsconfig.json Detected file add/remove of non supported extension: /home/felix/git/rpio/mdb/pages-vendors/.log/ti-12204.log
Info 16   [10:57:57.446] Elapsed:: 1ms DirectoryWatcher:: Triggered with /home/felix/git/rpio/mdb/pages-vendors/.log/ti-12204.log :: WatchInfo: /home/felix/git/rpio/mdb/pages-vendors 1 Project: /home/felix/git/rpio/mdb/pages-vendors/jsconfig.json WatchType: Wild card directory
Info 17   [10:57:59.165] Starting updateGraphWorker: Project: /home/felix/git/rpio/mdb/pages-vendors/jsconfig.json
Info 18   [10:57:59.494] Finishing updateGraphWorker: Project: /home/felix/git/rpio/mdb/pages-vendors/jsconfig.json Version: 2 structureChanged: true Elapsed: 329ms
Info 19   [10:57:59.494] Project '/home/felix/git/rpio/mdb/pages-vendors/jsconfig.json' (Configured) 
Info 20   [10:57:59.494] 	Files (446)

Info 21   [10:57:59.494] -----------------------------------------------
Info 22   [10:57:59.495] Structure before ensureProjectForOpenFiles:
Info 23   [10:57:59.495] Structure after ensureProjectForOpenFiles:
Info 24   [10:57:59.495] got projects updated in background, updating diagnostics for /home/felix/git/rpio/mdb/pages-vendors/snippets/rrn-quick-example.js,/home/felix/git/rpio/mdb/pages-vendors/snippets/rrn-quick-example-response.js
Info 25   [10:58:0.195] Starting updateGraphWorker: Project: /home/felix/git/rpio/mdb/pages-vendors/jsconfig.json
Info 26   [10:58:0.429] Finishing updateGraphWorker: Project: /home/felix/git/rpio/mdb/pages-vendors/jsconfig.json Version: 3 structureChanged: true Elapsed: 234ms
Info 27   [10:58:0.429] Project '/home/felix/git/rpio/mdb/pages-vendors/jsconfig.json' (Configured) 
Info 28   [10:58:0.429] 	Files (446)

Info 29   [10:58:0.429] -----------------------------------------------
Info 30   [10:58:0.430] Structure before ensureProjectForOpenFiles:
Info 31   [10:58:0.430] Structure after ensureProjectForOpenFiles:
Info 32   [10:58:0.430] got projects updated in background, updating diagnostics for /home/felix/git/rpio/mdb/pages-vendors/snippets/rrn-quick-example.js,/home/felix/git/rpio/mdb/pages-vendors/snippets/rrn-quick-example-response.js
Info 33   [10:58:30.104] DirectoryWatcher:: Triggered with /home/felix/git/rpio/mdb/pages-vendors/dist/assets/chunk.9dbad63b6d44cf4dfe00.js :: WatchInfo: /home/felix/git/rpio/mdb/pages-vendors 1 Project: /home/felix/git/rpio/mdb/pages-vendors/jsconfig.json WatchType: Wild card directory
Info 34   [10:58:30.105] Elapsed:: 0ms DirectoryWatcher:: Triggered with /home/felix/git/rpio/mdb/pages-vendors/dist/assets/chunk.9dbad63b6d44cf4dfe00.js :: WatchInfo: /home/felix/git/rpio/mdb/pages-vendors 1 Project: /home/felix/git/rpio/mdb/pages-vendors/jsconfig.json WatchType: Wild card directory
Info 35   [10:58:30.358] Starting updateGraphWorker: Project: /home/felix/git/rpio/mdb/pages-vendors/jsconfig.json
Info 36   [10:58:30.378] Finishing updateGraphWorker: Project: /home/felix/git/rpio/mdb/pages-vendors/jsconfig.json Version: 4 structureChanged: false Elapsed: 20ms
Info 37   [10:58:30.379] Project '/home/felix/git/rpio/mdb/pages-vendors/jsconfig.json' (Configured) 
Info 38   [10:58:30.379] 	Files (446)

Info 39   [10:58:30.379] -----------------------------------------------
Info 40   [10:58:30.379] Structure before ensureProjectForOpenFiles:
Info 41   [10:58:30.379] Structure after ensureProjectForOpenFiles:
Info 42   [10:58:30.379] got projects updated in background, updating diagnostics for /home/felix/git/rpio/mdb/pages-vendors/snippets/rrn-quick-example.js,/home/felix/git/rpio/mdb/pages-vendors/snippets/rrn-quick-example-response.js
Info 43   [10:58:57.817] DirectoryWatcher:: Triggered with /home/felix/git/rpio/mdb/pages-vendors/dist/assets/chunk.3b9933843b071a80f1b7.js :: WatchInfo: /home/felix/git/rpio/mdb/pages-vendors 1 Project: /home/felix/git/rpio/mdb/pages-vendors/jsconfig.json WatchType: Wild card directory
Info 44   [10:58:57.818] Elapsed:: 0ms DirectoryWatcher:: Triggered with /home/felix/git/rpio/mdb/pages-vendors/dist/assets/chunk.3b9933843b071a80f1b7.js :: WatchInfo: /home/felix/git/rpio/mdb/pages-vendors 1 Project: /home/felix/git/rpio/mdb/pages-vendors/jsconfig.json WatchType: Wild card directory
Info 45   [10:58:58.72] Starting updateGraphWorker: Project: /home/felix/git/rpio/mdb/pages-vendors/jsconfig.json
Info 46   [10:58:58.98] Finishing updateGraphWorker: Project: /home/felix/git/rpio/mdb/pages-vendors/jsconfig.json Version: 5 structureChanged: false Elapsed: 26ms
Info 47   [10:58:58.98] Project '/home/felix/git/rpio/mdb/pages-vendors/jsconfig.json' (Configured) 
Info 48   [10:58:58.98] 	Files (446)

Info 49   [10:58:58.98] -----------------------------------------------
Info 50   [10:58:58.98] Structure before ensureProjectForOpenFiles:
Info 51   [10:58:58.98] Structure after ensureProjectForOpenFiles:
Info 52   [10:58:58.98] got projects updated in background, updating diagnostics for /home/felix/git/rpio/mdb/pages-vendors/snippets/rrn-quick-example.js,/home/felix/git/rpio/mdb/pages-vendors/snippets/rrn-quick-example-response.js
Info 53   [11:5:12.459] Search path: /home/felix/git/rpio/mdb/pages-vendors/app
Info 54   [11:5:12.459] For info: /home/felix/git/rpio/mdb/pages-vendors/app/router.js :: Config file name: /home/felix/git/rpio/mdb/pages-vendors/jsconfig.json
Info 55   [11:5:13.543] Search path: /home/felix/git/rpio/mdb/pages-vendors/app
Info 56   [11:5:13.543] For info: /home/felix/git/rpio/mdb/pages-vendors/app/app.js :: Config file name: /home/felix/git/rpio/mdb/pages-vendors/jsconfig.json
Info 57   [11:5:29.269] DirectoryWatcher:: Triggered with /home/felix/git/rpio/mdb/pages-vendors/dist/assets/chunk.c31d29d64166786a78f1.js :: WatchInfo: /home/felix/git/rpio/mdb/pages-vendors 1 Project: /home/felix/git/rpio/mdb/pages-vendors/jsconfig.json WatchType: Wild card directory
Info 58   [11:5:29.269] Elapsed:: 0ms DirectoryWatcher:: Triggered with /home/felix/git/rpio/mdb/pages-vendors/dist/assets/chunk.c31d29d64166786a78f1.js :: WatchInfo: /home/felix/git/rpio/mdb/pages-vendors 1 Project: /home/felix/git/rpio/mdb/pages-vendors/jsconfig.json WatchType: Wild card directory
Info 59   [11:5:29.523] Starting updateGraphWorker: Project: /home/felix/git/rpio/mdb/pages-vendors/jsconfig.json
Info 60   [11:5:29.544] Finishing updateGraphWorker: Project: /home/felix/git/rpio/mdb/pages-vendors/jsconfig.json Version: 6 structureChanged: false Elapsed: 20ms
Info 61   [11:5:29.544] Project '/home/felix/git/rpio/mdb/pages-vendors/jsconfig.json' (Configured) 
Info 62   [11:5:29.544] 	Files (446)

Info 63   [11:5:29.544] -----------------------------------------------
Info 64   [11:5:29.544] Structure before ensureProjectForOpenFiles:
Info 65   [11:5:29.544] Structure after ensureProjectForOpenFiles:
Info 66   [11:5:29.544] got projects updated in background, updating diagnostics for /home/felix/git/rpio/mdb/pages-vendors/snippets/rrn-quick-example.js,/home/felix/git/rpio/mdb/pages-vendors/snippets/rrn-quick-example-response.js,/home/felix/git/rpio/mdb/pages-vendors/app/router.js,/home/felix/git/rpio/mdb/pages-vendors/app/app.js
Info 67   [11:5:43.372] DirectoryWatcher:: Triggered with /home/felix/git/rpio/mdb/pages-vendors/dist/assets/chunk.c4edd2f91cce99e3727e.js :: WatchInfo: /home/felix/git/rpio/mdb/pages-vendors 1 Project: /home/felix/git/rpio/mdb/pages-vendors/jsconfig.json WatchType: Wild card directory
Info 68   [11:5:43.372] Elapsed:: 0ms DirectoryWatcher:: Triggered with /home/felix/git/rpio/mdb/pages-vendors/dist/assets/chunk.c4edd2f91cce99e3727e.js :: WatchInfo: /home/felix/git/rpio/mdb/pages-vendors 1 Project: /home/felix/git/rpio/mdb/pages-vendors/jsconfig.json WatchType: Wild card directory
Info 69   [11:5:43.627] Starting updateGraphWorker: Project: /home/felix/git/rpio/mdb/pages-vendors/jsconfig.json
Info 70   [11:5:43.648] Finishing updateGraphWorker: Project: /home/felix/git/rpio/mdb/pages-vendors/jsconfig.json Version: 7 structureChanged: false Elapsed: 21ms
Info 71   [11:5:43.648] Project '/home/felix/git/rpio/mdb/pages-vendors/jsconfig.json' (Configured) 
Info 72   [11:5:43.648] 	Files (446)

Info 73   [11:5:43.648] -----------------------------------------------
Info 74   [11:5:43.648] Structure before ensureProjectForOpenFiles:
Info 75   [11:5:43.648] Structure after ensureProjectForOpenFiles:
Info 76   [11:5:43.648] got projects updated in background, updating diagnostics for /home/felix/git/rpio/mdb/pages-vendors/snippets/rrn-quick-example.js,/home/felix/git/rpio/mdb/pages-vendors/snippets/rrn-quick-example-response.js,/home/felix/git/rpio/mdb/pages-vendors/app/router.js,/home/felix/git/rpio/mdb/pages-vendors/app/app.js
Info 77   [11:6:3.244] DirectoryWatcher:: Triggered with /home/felix/git/rpio/mdb/pages-vendors/dist/assets/chunk.ffda1c590b12139edae7.js :: WatchInfo: /home/felix/git/rpio/mdb/pages-vendors 1 Project: /home/felix/git/rpio/mdb/pages-vendors/jsconfig.json WatchType: Wild card directory
Info 78   [11:6:3.245] Elapsed:: 1ms DirectoryWatcher:: Triggered with /home/felix/git/rpio/mdb/pages-vendors/dist/assets/chunk.ffda1c590b12139edae7.js :: WatchInfo: /home/felix/git/rpio/mdb/pages-vendors 1 Project: /home/felix/git/rpio/mdb/pages-vendors/jsconfig.json WatchType: Wild card directory
Info 79   [11:6:3.497] Starting updateGraphWorker: Project: /home/felix/git/rpio/mdb/pages-vendors/jsconfig.json
Info 80   [11:6:3.518] Finishing updateGraphWorker: Project: /home/felix/git/rpio/mdb/pages-vendors/jsconfig.json Version: 8 structureChanged: false Elapsed: 21ms
Info 81   [11:6:3.518] Project '/home/felix/git/rpio/mdb/pages-vendors/jsconfig.json' (Configured) 
Info 82   [11:6:3.518] 	Files (446)

Info 83   [11:6:3.518] -----------------------------------------------
Info 84   [11:6:3.518] Structure before ensureProjectForOpenFiles:
Info 85   [11:6:3.518] Structure after ensureProjectForOpenFiles:
Info 86   [11:6:3.518] got projects updated in background, updating diagnostics for /home/felix/git/rpio/mdb/pages-vendors/snippets/rrn-quick-example.js,/home/felix/git/rpio/mdb/pages-vendors/snippets/rrn-quick-example-response.js,/home/felix/git/rpio/mdb/pages-vendors/app/router.js,/home/felix/git/rpio/mdb/pages-vendors/app/app.js
Info 87   [11:44:26.794] Starting updateGraphWorker: Project: /home/felix/git/rpio/mdb/pages-vendors/jsconfig.json
Info 88   [11:44:26.839] Finishing updateGraphWorker: Project: /home/felix/git/rpio/mdb/pages-vendors/jsconfig.json Version: 9 structureChanged: false Elapsed: 45ms
Info 89   [11:44:26.839] Project '/home/felix/git/rpio/mdb/pages-vendors/jsconfig.json' (Configured) 
Info 90   [11:44:26.839] 	Files (446)

Info 91   [11:44:26.839] -----------------------------------------------
Info 92   [11:44:27.108] Starting updateGraphWorker: Project: /home/felix/git/rpio/mdb/pages-vendors/jsconfig.json
Info 93   [11:44:27.148] Finishing updateGraphWorker: Project: /home/felix/git/rpio/mdb/pages-vendors/jsconfig.json Version: 10 structureChanged: false Elapsed: 39ms
Info 94   [11:44:27.148] Project '/home/felix/git/rpio/mdb/pages-vendors/jsconfig.json' (Configured) 
Info 95   [11:44:27.148] 	Files (446)

Info 96   [11:44:27.148] -----------------------------------------------
Info 97   [11:44:28.904] Starting updateGraphWorker: Project: /home/felix/git/rpio/mdb/pages-vendors/jsconfig.json
Info 98   [11:44:28.948] Finishing updateGraphWorker: Project: /home/felix/git/rpio/mdb/pages-vendors/jsconfig.json Version: 11 structureChanged: false Elapsed: 44ms
Info 99   [11:44:28.948] Project '/home/felix/git/rpio/mdb/pages-vendors/jsconfig.json' (Configured) 
Info 100  [11:44:28.948] 	Files (446)

Info 101  [11:44:28.948] -----------------------------------------------
Info 102  [11:44:28.948] Starting updateGraphWorker: Project: /home/felix/git/rpio/mdb/pages-vendors/jsconfig.json
Info 103  [11:44:28.962] Finishing updateGraphWorker: Project: /home/felix/git/rpio/mdb/pages-vendors/jsconfig.json Version: 12 structureChanged: false Elapsed: 14ms
Info 104  [11:44:28.962] Project '/home/felix/git/rpio/mdb/pages-vendors/jsconfig.json' (Configured) 
Info 105  [11:44:28.962] 	Files (446)

Info 106  [11:44:28.962] -----------------------------------------------
Info 107  [11:44:29.229] Starting updateGraphWorker: Project: /home/felix/git/rpio/mdb/pages-vendors/jsconfig.json
Info 108  [11:44:29.274] Finishing updateGraphWorker: Project: /home/felix/git/rpio/mdb/pages-vendors/jsconfig.json Version: 13 structureChanged: false Elapsed: 45ms
Info 109  [11:44:29.274] Project '/home/felix/git/rpio/mdb/pages-vendors/jsconfig.json' (Configured) 
Info 110  [11:44:29.274] 	Files (446)

Info 111  [11:44:29.274] -----------------------------------------------
Info 112  [11:44:29.942] Starting updateGraphWorker: Project: /home/felix/git/rpio/mdb/pages-vendors/jsconfig.json
Info 113  [11:44:29.977] Finishing updateGraphWorker: Project: /home/felix/git/rpio/mdb/pages-vendors/jsconfig.json Version: 14 structureChanged: false Elapsed: 35ms
Info 114  [11:44:29.977] Project '/home/felix/git/rpio/mdb/pages-vendors/jsconfig.json' (Configured) 
Info 115  [11:44:29.977] 	Files (446)

Info 116  [11:44:29.977] -----------------------------------------------
Info 117  [11:44:30.928] Starting updateGraphWorker: Project: /home/felix/git/rpio/mdb/pages-vendors/jsconfig.json
Info 118  [11:44:30.978] Finishing updateGraphWorker: Project: /home/felix/git/rpio/mdb/pages-vendors/jsconfig.json Version: 15 structureChanged: false Elapsed: 50ms
Info 119  [11:44:30.978] Project '/home/felix/git/rpio/mdb/pages-vendors/jsconfig.json' (Configured) 
Info 120  [11:44:30.978] 	Files (446)

Info 121  [11:44:30.978] -----------------------------------------------
Info 122  [11:44:31.867] Starting updateGraphWorker: Project: /home/felix/git/rpio/mdb/pages-vendors/jsconfig.json
Info 123  [11:44:31.919] Finishing updateGraphWorker: Project: /home/felix/git/rpio/mdb/pages-vendors/jsconfig.json Version: 16 structureChanged: false Elapsed: 51ms
Info 124  [11:44:31.919] Project '/home/felix/git/rpio/mdb/pages-vendors/jsconfig.json' (Configured) 
Info 125  [11:44:31.919] 	Files (446)

Info 126  [11:44:31.919] -----------------------------------------------
Info 127  [11:44:31.921] Starting updateGraphWorker: Project: /home/felix/git/rpio/mdb/pages-vendors/jsconfig.json
Info 128  [11:44:31.969] Finishing updateGraphWorker: Project: /home/felix/git/rpio/mdb/pages-vendors/jsconfig.json Version: 17 structureChanged: false Elapsed: 48ms
Info 129  [11:44:31.969] Project '/home/felix/git/rpio/mdb/pages-vendors/jsconfig.json' (Configured) 
Info 130  [11:44:31.969] 	Files (446)

Info 131  [11:44:31.969] -----------------------------------------------
Info 132  [11:44:34.519] Starting updateGraphWorker: Project: /home/felix/git/rpio/mdb/pages-vendors/jsconfig.json
Info 133  [11:44:34.576] Finishing updateGraphWorker: Project: /home/felix/git/rpio/mdb/pages-vendors/jsconfig.json Version: 18 structureChanged: false Elapsed: 56ms
Info 134  [11:44:34.577] Project '/home/felix/git/rpio/mdb/pages-vendors/jsconfig.json' (Configured) 
Info 135  [11:44:34.577] 	Files (446)

Info 136  [11:44:34.577] -----------------------------------------------
Info 137  [11:44:34.631] Starting updateGraphWorker: Project: /home/felix/git/rpio/mdb/pages-vendors/jsconfig.json
Info 138  [11:44:34.656] Finishing updateGraphWorker: Project: /home/felix/git/rpio/mdb/pages-vendors/jsconfig.json Version: 19 structureChanged: false Elapsed: 25ms
Info 139  [11:44:34.656] Project '/home/felix/git/rpio/mdb/pages-vendors/jsconfig.json' (Configured) 
Info 140  [11:44:34.656] 	Files (446)

Info 141  [11:44:34.656] -----------------------------------------------
Info 142  [11:44:36.106] Starting updateGraphWorker: Project: /home/felix/git/rpio/mdb/pages-vendors/jsconfig.json
Info 143  [11:44:36.151] Finishing updateGraphWorker: Project: /home/felix/git/rpio/mdb/pages-vendors/jsconfig.json Version: 20 structureChanged: false Elapsed: 45ms
Info 144  [11:44:36.151] Project '/home/felix/git/rpio/mdb/pages-vendors/jsconfig.json' (Configured) 
Info 145  [11:44:36.151] 	Files (446)

Info 146  [11:44:36.151] -----------------------------------------------
Info 147  [11:44:36.153] Starting updateGraphWorker: Project: /home/felix/git/rpio/mdb/pages-vendors/jsconfig.json
Info 148  [11:44:36.178] Finishing updateGraphWorker: Project: /home/felix/git/rpio/mdb/pages-vendors/jsconfig.json Version: 21 structureChanged: false Elapsed: 25ms
Info 149  [11:44:36.179] Project '/home/felix/git/rpio/mdb/pages-vendors/jsconfig.json' (Configured) 
Info 150  [11:44:36.179] 	Files (446)

Info 151  [11:44:36.179] -----------------------------------------------
Info 152  [11:44:36.430] Starting updateGraphWorker: Project: /home/felix/git/rpio/mdb/pages-vendors/jsconfig.json
Info 153  [11:44:36.464] Finishing updateGraphWorker: Project: /home/felix/git/rpio/mdb/pages-vendors/jsconfig.json Version: 22 structureChanged: false Elapsed: 34ms
Info 154  [11:44:36.464] Project '/home/felix/git/rpio/mdb/pages-vendors/jsconfig.json' (Configured) 
Info 155  [11:44:36.464] 	Files (446)

Info 156  [11:44:36.464] -----------------------------------------------
Info 157  [11:45:35.884] Starting updateGraphWorker: Project: /home/felix/git/rpio/mdb/pages-vendors/jsconfig.json
Info 158  [11:45:35.917] Finishing updateGraphWorker: Project: /home/felix/git/rpio/mdb/pages-vendors/jsconfig.json Version: 23 structureChanged: false Elapsed: 33ms
Info 159  [11:45:35.917] Project '/home/felix/git/rpio/mdb/pages-vendors/jsconfig.json' (Configured) 
Info 160  [11:45:35.917] 	Files (446)

Info 161  [11:45:35.917] -----------------------------------------------
Info 162  [11:45:36.985] Starting updateGraphWorker: Project: /home/felix/git/rpio/mdb/pages-vendors/jsconfig.json
Info 163  [11:45:37.33] Finishing updateGraphWorker: Project: /home/felix/git/rpio/mdb/pages-vendors/jsconfig.json Version: 24 structureChanged: false Elapsed: 48ms
Info 164  [11:45:37.33] Project '/home/felix/git/rpio/mdb/pages-vendors/jsconfig.json' (Configured) 
Info 165  [11:45:37.33] 	Files (446)

Info 166  [11:45:37.33] -----------------------------------------------
Info 167  [11:45:37.401] Starting updateGraphWorker: Project: /home/felix/git/rpio/mdb/pages-vendors/jsconfig.json
Info 168  [11:45:37.441] Finishing updateGraphWorker: Project: /home/felix/git/rpio/mdb/pages-vendors/jsconfig.json Version: 25 structureChanged: false Elapsed: 39ms
Info 169  [11:45:37.442] Project '/home/felix/git/rpio/mdb/pages-vendors/jsconfig.json' (Configured) 
Info 170  [11:45:37.442] 	Files (446)

Info 171  [11:45:37.442] -----------------------------------------------
Info 172  [11:45:38.948] Starting updateGraphWorker: Project: /home/felix/git/rpio/mdb/pages-vendors/jsconfig.json
Info 173  [11:45:38.986] Finishing updateGraphWorker: Project: /home/felix/git/rpio/mdb/pages-vendors/jsconfig.json Version: 26 structureChanged: false Elapsed: 38ms
Info 174  [11:45:38.986] Project '/home/felix/git/rpio/mdb/pages-vendors/jsconfig.json' (Configured) 
Info 175  [11:45:38.986] 	Files (446)

Info 176  [11:45:38.986] -----------------------------------------------
Info 177  [11:45:39.359] Starting updateGraphWorker: Project: /home/felix/git/rpio/mdb/pages-vendors/jsconfig.json
Info 178  [11:45:39.413] Finishing updateGraphWorker: Project: /home/felix/git/rpio/mdb/pages-vendors/jsconfig.json Version: 27 structureChanged: false Elapsed: 53ms
Info 179  [11:45:39.413] Project '/home/felix/git/rpio/mdb/pages-vendors/jsconfig.json' (Configured) 
Info 180  [11:45:39.413] 	Files (446)

Info 181  [11:45:39.413] -----------------------------------------------
Info 182  [11:45:39.414] Starting updateGraphWorker: Project: /home/felix/git/rpio/mdb/pages-vendors/jsconfig.json
Info 183  [11:45:39.436] Finishing updateGraphWorker: Project: /home/felix/git/rpio/mdb/pages-vendors/jsconfig.json Version: 28 structureChanged: false Elapsed: 22ms
Info 184  [11:45:39.436] Project '/home/felix/git/rpio/mdb/pages-vendors/jsconfig.json' (Configured) 
Info 185  [11:45:39.436] 	Files (446)

Info 186  [11:45:39.436] -----------------------------------------------
Info 187  [11:45:50.270] Starting updateGraphWorker: Project: /home/felix/git/rpio/mdb/pages-vendors/jsconfig.json
Info 188  [11:45:50.314] Finishing updateGraphWorker: Project: /home/felix/git/rpio/mdb/pages-vendors/jsconfig.json Version: 29 structureChanged: false Elapsed: 44ms
Info 189  [11:45:50.314] Project '/home/felix/git/rpio/mdb/pages-vendors/jsconfig.json' (Configured) 
Info 190  [11:45:50.314] 	Files (446)

Info 191  [11:45:50.314] -----------------------------------------------
Info 192  [11:46:29.552] DirectoryWatcher:: Triggered with /home/felix/git/rpio/mdb/pages-vendors/dist/assets/chunk.6b456839460b44720553.js :: WatchInfo: /home/felix/git/rpio/mdb/pages-vendors 1 Project: /home/felix/git/rpio/mdb/pages-vendors/jsconfig.json WatchType: Wild card directory
Info 193  [11:46:29.553] Elapsed:: 1ms DirectoryWatcher:: Triggered with /home/felix/git/rpio/mdb/pages-vendors/dist/assets/chunk.6b456839460b44720553.js :: WatchInfo: /home/felix/git/rpio/mdb/pages-vendors 1 Project: /home/felix/git/rpio/mdb/pages-vendors/jsconfig.json WatchType: Wild card directory
Info 194  [11:46:29.807] Starting updateGraphWorker: Project: /home/felix/git/rpio/mdb/pages-vendors/jsconfig.json
Info 195  [11:46:29.827] Finishing updateGraphWorker: Project: /home/felix/git/rpio/mdb/pages-vendors/jsconfig.json Version: 30 structureChanged: false Elapsed: 20ms
Info 196  [11:46:29.828] Project '/home/felix/git/rpio/mdb/pages-vendors/jsconfig.json' (Configured) 
Info 197  [11:46:29.828] 	Files (446)

Info 198  [11:46:29.828] -----------------------------------------------
Info 199  [11:46:29.828] Structure before ensureProjectForOpenFiles:
Info 200  [11:46:29.828] Structure after ensureProjectForOpenFiles:
Info 201  [11:46:29.828] got projects updated in background, updating diagnostics for /home/felix/git/rpio/mdb/pages-vendors/snippets/rrn-quick-example.js,/home/felix/git/rpio/mdb/pages-vendors/snippets/rrn-quick-example-response.js,/home/felix/git/rpio/mdb/pages-vendors/app/router.js,/home/felix/git/rpio/mdb/pages-vendors/app/app.js
Info 202  [11:49:13.488] DirectoryWatcher:: Triggered with /home/felix/git/rpio/mdb/pages-vendors/dist/assets/chunk.96277c11a1139d5432ef.js :: WatchInfo: /home/felix/git/rpio/mdb/pages-vendors 1 Project: /home/felix/git/rpio/mdb/pages-vendors/jsconfig.json WatchType: Wild card directory
Info 203  [11:49:13.488] Elapsed:: 0ms DirectoryWatcher:: Triggered with /home/felix/git/rpio/mdb/pages-vendors/dist/assets/chunk.96277c11a1139d5432ef.js :: WatchInfo: /home/felix/git/rpio/mdb/pages-vendors 1 Project: /home/felix/git/rpio/mdb/pages-vendors/jsconfig.json WatchType: Wild card directory
Info 204  [11:49:13.743] Starting updateGraphWorker: Project: /home/felix/git/rpio/mdb/pages-vendors/jsconfig.json
Info 205  [11:49:13.761] Finishing updateGraphWorker: Project: /home/felix/git/rpio/mdb/pages-vendors/jsconfig.json Version: 31 structureChanged: false Elapsed: 18ms
Info 206  [11:49:13.761] Project '/home/felix/git/rpio/mdb/pages-vendors/jsconfig.json' (Configured) 
Info 207  [11:49:13.761] 	Files (446)

Info 208  [11:49:13.761] -----------------------------------------------
Info 209  [11:49:13.761] Structure before ensureProjectForOpenFiles:
Info 210  [11:49:13.761] Structure after ensureProjectForOpenFiles:
Info 211  [11:49:13.761] got projects updated in background, updating diagnostics for /home/felix/git/rpio/mdb/pages-vendors/snippets/rrn-quick-example.js,/home/felix/git/rpio/mdb/pages-vendors/snippets/rrn-quick-example-response.js,/home/felix/git/rpio/mdb/pages-vendors/app/router.js,/home/felix/git/rpio/mdb/pages-vendors/app/app.js
Info 212  [11:49:18.346] DirectoryWatcher:: Triggered with /home/felix/git/rpio/mdb/pages-vendors/dist/assets/chunk.510436574bc20bb2180f.js :: WatchInfo: /home/felix/git/rpio/mdb/pages-vendors 1 Project: /home/felix/git/rpio/mdb/pages-vendors/jsconfig.json WatchType: Wild card directory
Info 213  [11:49:18.346] Elapsed:: 0ms DirectoryWatcher:: Triggered with /home/felix/git/rpio/mdb/pages-vendors/dist/assets/chunk.510436574bc20bb2180f.js :: WatchInfo: /home/felix/git/rpio/mdb/pages-vendors 1 Project: /home/felix/git/rpio/mdb/pages-vendors/jsconfig.json WatchType: Wild card directory
Info 214  [11:49:18.602] Starting updateGraphWorker: Project: /home/felix/git/rpio/mdb/pages-vendors/jsconfig.json
Info 215  [11:49:18.616] Finishing updateGraphWorker: Project: /home/felix/git/rpio/mdb/pages-vendors/jsconfig.json Version: 32 structureChanged: false Elapsed: 14ms
Info 216  [11:49:18.616] Project '/home/felix/git/rpio/mdb/pages-vendors/jsconfig.json' (Configured) 
Info 217  [11:49:18.616] 	Files (446)

Info 218  [11:49:18.616] -----------------------------------------------
Info 219  [11:49:18.616] Structure before ensureProjectForOpenFiles:
Info 220  [11:49:18.616] Structure after ensureProjectForOpenFiles:
Info 221  [11:49:18.616] got projects updated in background, updating diagnostics for /home/felix/git/rpio/mdb/pages-vendors/snippets/rrn-quick-example.js,/home/felix/git/rpio/mdb/pages-vendors/snippets/rrn-quick-example-response.js,/home/felix/git/rpio/mdb/pages-vendors/app/router.js,/home/felix/git/rpio/mdb/pages-vendors/app/app.js
Info 222  [11:49:26.222] DirectoryWatcher:: Triggered with /home/felix/git/rpio/mdb/pages-vendors/dist/assets/chunk.88e452f4a872eba1da08.js :: WatchInfo: /home/felix/git/rpio/mdb/pages-vendors 1 Project: /home/felix/git/rpio/mdb/pages-vendors/jsconfig.json WatchType: Wild card directory
Info 223  [11:49:26.222] Elapsed:: 0ms DirectoryWatcher:: Triggered with /home/felix/git/rpio/mdb/pages-vendors/dist/assets/chunk.88e452f4a872eba1da08.js :: WatchInfo: /home/felix/git/rpio/mdb/pages-vendors 1 Project: /home/felix/git/rpio/mdb/pages-vendors/jsconfig.json WatchType: Wild card directory
Info 224  [11:49:26.474] Starting updateGraphWorker: Project: /home/felix/git/rpio/mdb/pages-vendors/jsconfig.json
Info 225  [11:49:26.488] Finishing updateGraphWorker: Project: /home/felix/git/rpio/mdb/pages-vendors/jsconfig.json Version: 33 structureChanged: false Elapsed: 14ms
Info 226  [11:49:26.488] Project '/home/felix/git/rpio/mdb/pages-vendors/jsconfig.json' (Configured) 
Info 227  [11:49:26.488] 	Files (446)

Info 228  [11:49:26.488] -----------------------------------------------
Info 229  [11:49:26.488] Structure before ensureProjectForOpenFiles:
Info 230  [11:49:26.488] Structure after ensureProjectForOpenFiles:
Info 231  [11:49:26.488] got projects updated in background, updating diagnostics for /home/felix/git/rpio/mdb/pages-vendors/snippets/rrn-quick-example.js,/home/felix/git/rpio/mdb/pages-vendors/snippets/rrn-quick-example-response.js,/home/felix/git/rpio/mdb/pages-vendors/app/router.js,/home/felix/git/rpio/mdb/pages-vendors/app/app.js
Info 232  [11:50:35.589] DirectoryWatcher:: Triggered with /home/felix/git/rpio/mdb/pages-vendors/dist/assets/chunk.223ea70089a50cdadc6a.js :: WatchInfo: /home/felix/git/rpio/mdb/pages-vendors 1 Project: /home/felix/git/rpio/mdb/pages-vendors/jsconfig.json WatchType: Wild card directory
Info 233  [11:50:35.589] Elapsed:: 0ms DirectoryWatcher:: Triggered with /home/felix/git/rpio/mdb/pages-vendors/dist/assets/chunk.223ea70089a50cdadc6a.js :: WatchInfo: /home/felix/git/rpio/mdb/pages-vendors 1 Project: /home/felix/git/rpio/mdb/pages-vendors/jsconfig.json WatchType: Wild card directory
Info 234  [11:50:35.844] Starting updateGraphWorker: Project: /home/felix/git/rpio/mdb/pages-vendors/jsconfig.json
Info 235  [11:50:35.879] Finishing updateGraphWorker: Project: /home/felix/git/rpio/mdb/pages-vendors/jsconfig.json Version: 34 structureChanged: false Elapsed: 35ms
Info 236  [11:50:35.880] Project '/home/felix/git/rpio/mdb/pages-vendors/jsconfig.json' (Configured) 
Info 237  [11:50:35.880] 	Files (446)

Info 238  [11:50:35.880] -----------------------------------------------
Info 239  [11:50:35.880] Structure before ensureProjectForOpenFiles:
Info 240  [11:50:35.880] Structure after ensureProjectForOpenFiles:
Info 241  [11:50:35.880] got projects updated in background, updating diagnostics for /home/felix/git/rpio/mdb/pages-vendors/snippets/rrn-quick-example.js,/home/felix/git/rpio/mdb/pages-vendors/snippets/rrn-quick-example-response.js,/home/felix/git/rpio/mdb/pages-vendors/app/router.js,/home/felix/git/rpio/mdb/pages-vendors/app/app.js
Info 242  [11:50:56.606] DirectoryWatcher:: Triggered with /home/felix/git/rpio/mdb/pages-vendors/dist/assets/chunk.07d98eddea13bbcb3079.js :: WatchInfo: /home/felix/git/rpio/mdb/pages-vendors 1 Project: /home/felix/git/rpio/mdb/pages-vendors/jsconfig.json WatchType: Wild card directory
Info 243  [11:50:56.606] Elapsed:: 0ms DirectoryWatcher:: Triggered with /home/felix/git/rpio/mdb/pages-vendors/dist/assets/chunk.07d98eddea13bbcb3079.js :: WatchInfo: /home/felix/git/rpio/mdb/pages-vendors 1 Project: /home/felix/git/rpio/mdb/pages-vendors/jsconfig.json WatchType: Wild card directory
Info 244  [11:50:56.858] Starting updateGraphWorker: Project: /home/felix/git/rpio/mdb/pages-vendors/jsconfig.json
Info 245  [11:50:56.874] Finishing updateGraphWorker: Project: /home/felix/git/rpio/mdb/pages-vendors/jsconfig.json Version: 35 structureChanged: false Elapsed: 16ms
Info 246  [11:50:56.874] Project '/home/felix/git/rpio/mdb/pages-vendors/jsconfig.json' (Configured) 
Info 247  [11:50:56.874] 	Files (446)

Info 248  [11:50:56.874] -----------------------------------------------
Info 249  [11:50:56.874] Structure before ensureProjectForOpenFiles:
Info 250  [11:50:56.874] Structure after ensureProjectForOpenFiles:
Info 251  [11:50:56.874] got projects updated in background, updating diagnostics for /home/felix/git/rpio/mdb/pages-vendors/snippets/rrn-quick-example.js,/home/felix/git/rpio/mdb/pages-vendors/snippets/rrn-quick-example-response.js,/home/felix/git/rpio/mdb/pages-vendors/app/router.js,/home/felix/git/rpio/mdb/pages-vendors/app/app.js
Info 252  [11:51:0.902] DirectoryWatcher:: Triggered with /home/felix/git/rpio/mdb/pages-vendors/dist/assets/chunk.3d80adcad94a8c2ed7ba.js :: WatchInfo: /home/felix/git/rpio/mdb/pages-vendors 1 Project: /home/felix/git/rpio/mdb/pages-vendors/jsconfig.json WatchType: Wild card directory
Info 253  [11:51:0.902] Elapsed:: 0ms DirectoryWatcher:: Triggered with /home/felix/git/rpio/mdb/pages-vendors/dist/assets/chunk.3d80adcad94a8c2ed7ba.js :: WatchInfo: /home/felix/git/rpio/mdb/pages-vendors 1 Project: /home/felix/git/rpio/mdb/pages-vendors/jsconfig.json WatchType: Wild card directory
Info 254  [11:51:1.154] Starting updateGraphWorker: Project: /home/felix/git/rpio/mdb/pages-vendors/jsconfig.json
Info 255  [11:51:1.170] Finishing updateGraphWorker: Project: /home/felix/git/rpio/mdb/pages-vendors/jsconfig.json Version: 36 structureChanged: false Elapsed: 16ms
Info 256  [11:51:1.170] Project '/home/felix/git/rpio/mdb/pages-vendors/jsconfig.json' (Configured) 
Info 257  [11:51:1.170] 	Files (446)

Info 258  [11:51:1.170] -----------------------------------------------
Info 259  [11:51:1.170] Structure before ensureProjectForOpenFiles:
Info 260  [11:51:1.170] Structure after ensureProjectForOpenFiles:
Info 261  [11:51:1.170] got projects updated in background, updating diagnostics for /home/felix/git/rpio/mdb/pages-vendors/snippets/rrn-quick-example.js,/home/felix/git/rpio/mdb/pages-vendors/snippets/rrn-quick-example-response.js,/home/felix/git/rpio/mdb/pages-vendors/app/router.js,/home/felix/git/rpio/mdb/pages-vendors/app/app.js
Info 262  [11:51:8.838] DirectoryWatcher:: Triggered with /home/felix/git/rpio/mdb/pages-vendors/dist/assets/chunk.9198fcac8dc4f4593783.js :: WatchInfo: /home/felix/git/rpio/mdb/pages-vendors 1 Project: /home/felix/git/rpio/mdb/pages-vendors/jsconfig.json WatchType: Wild card directory
Info 263  [11:51:8.838] Elapsed:: 0ms DirectoryWatcher:: Triggered with /home/felix/git/rpio/mdb/pages-vendors/dist/assets/chunk.9198fcac8dc4f4593783.js :: WatchInfo: /home/felix/git/rpio/mdb/pages-vendors 1 Project: /home/felix/git/rpio/mdb/pages-vendors/jsconfig.json WatchType: Wild card directory
Info 264  [11:51:9.90] Starting updateGraphWorker: Project: /home/felix/git/rpio/mdb/pages-vendors/jsconfig.json
Info 265  [11:51:9.109] Finishing updateGraphWorker: Project: /home/felix/git/rpio/mdb/pages-vendors/jsconfig.json Version: 37 structureChanged: false Elapsed: 19ms
Info 266  [11:51:9.109] Project '/home/felix/git/rpio/mdb/pages-vendors/jsconfig.json' (Configured) 
Info 267  [11:51:9.109] 	Files (446)

Info 268  [11:51:9.109] -----------------------------------------------
Info 269  [11:51:9.109] Structure before ensureProjectForOpenFiles:
Info 270  [11:51:9.109] Structure after ensureProjectForOpenFiles:
Info 271  [11:51:9.109] got projects updated in background, updating diagnostics for /home/felix/git/rpio/mdb/pages-vendors/snippets/rrn-quick-example.js,/home/felix/git/rpio/mdb/pages-vendors/snippets/rrn-quick-example-response.js,/home/felix/git/rpio/mdb/pages-vendors/app/router.js,/home/felix/git/rpio/mdb/pages-vendors/app/app.js
Info 272  [11:53:12.495] DirectoryWatcher:: Triggered with /home/felix/git/rpio/mdb/pages-vendors/app/routes/docs/rijksregisternummer-api.js :: WatchInfo: /home/felix/git/rpio/mdb/pages-vendors 1 Project: /home/felix/git/rpio/mdb/pages-vendors/jsconfig.json WatchType: Wild card directory
Info 273  [11:53:12.496] Elapsed:: 1ms DirectoryWatcher:: Triggered with /home/felix/git/rpio/mdb/pages-vendors/app/routes/docs/rijksregisternummer-api.js :: WatchInfo: /home/felix/git/rpio/mdb/pages-vendors 1 Project: /home/felix/git/rpio/mdb/pages-vendors/jsconfig.json WatchType: Wild card directory
Info 274  [11:53:12.496] DirectoryWatcher:: Triggered with /home/felix/git/rpio/mdb/pages-vendors/app/routes/docs/rijksregisternummer-api.js :: WatchInfo: /home/felix/git/rpio/mdb/pages-vendors/app 1 Project: /home/felix/git/rpio/mdb/pages-vendors/jsconfig.json WatchType: Failed Lookup Locations
Info 275  [11:53:12.498] Elapsed:: 2ms DirectoryWatcher:: Triggered with /home/felix/git/rpio/mdb/pages-vendors/app/routes/docs/rijksregisternummer-api.js :: WatchInfo: /home/felix/git/rpio/mdb/pages-vendors/app 1 Project: /home/felix/git/rpio/mdb/pages-vendors/jsconfig.json WatchType: Failed Lookup Locations
Info 276  [11:53:12.499] DirectoryWatcher:: Triggered with /home/felix/git/rpio/mdb/pages-vendors/app/templates/docs/rijksregisternummer-api.hbs :: WatchInfo: /home/felix/git/rpio/mdb/pages-vendors 1 Project: /home/felix/git/rpio/mdb/pages-vendors/jsconfig.json WatchType: Wild card directory
Info 277  [11:53:12.499] Project: /home/felix/git/rpio/mdb/pages-vendors/jsconfig.json Detected file add/remove of non supported extension: /home/felix/git/rpio/mdb/pages-vendors/app/templates/docs/rijksregisternummer-api.hbs
Info 278  [11:53:12.500] Elapsed:: 1ms DirectoryWatcher:: Triggered with /home/felix/git/rpio/mdb/pages-vendors/app/templates/docs/rijksregisternummer-api.hbs :: WatchInfo: /home/felix/git/rpio/mdb/pages-vendors 1 Project: /home/felix/git/rpio/mdb/pages-vendors/jsconfig.json WatchType: Wild card directory
Info 279  [11:53:12.500] DirectoryWatcher:: Triggered with /home/felix/git/rpio/mdb/pages-vendors/app/templates/docs/rijksregisternummer-api.hbs :: WatchInfo: /home/felix/git/rpio/mdb/pages-vendors/app 1 Project: /home/felix/git/rpio/mdb/pages-vendors/jsconfig.json WatchType: Failed Lookup Locations
Info 280  [11:53:12.500] Elapsed:: 0ms DirectoryWatcher:: Triggered with /home/felix/git/rpio/mdb/pages-vendors/app/templates/docs/rijksregisternummer-api.hbs :: WatchInfo: /home/felix/git/rpio/mdb/pages-vendors/app 1 Project: /home/felix/git/rpio/mdb/pages-vendors/jsconfig.json WatchType: Failed Lookup Locations
Info 281  [11:53:12.501] DirectoryWatcher:: Triggered with /home/felix/git/rpio/mdb/pages-vendors/snippets/rrn-quick-example-response.js :: WatchInfo: /home/felix/git/rpio/mdb/pages-vendors 1 Project: /home/felix/git/rpio/mdb/pages-vendors/jsconfig.json WatchType: Wild card directory
Info 282  [11:53:12.501] Elapsed:: 0ms DirectoryWatcher:: Triggered with /home/felix/git/rpio/mdb/pages-vendors/snippets/rrn-quick-example-response.js :: WatchInfo: /home/felix/git/rpio/mdb/pages-vendors 1 Project: /home/felix/git/rpio/mdb/pages-vendors/jsconfig.json WatchType: Wild card directory
Info 283  [11:53:12.502] DirectoryWatcher:: Triggered with /home/felix/git/rpio/mdb/pages-vendors/snippets/rrn-quick-example.js :: WatchInfo: /home/felix/git/rpio/mdb/pages-vendors 1 Project: /home/felix/git/rpio/mdb/pages-vendors/jsconfig.json WatchType: Wild card directory
Info 284  [11:53:12.503] Elapsed:: 1ms DirectoryWatcher:: Triggered with /home/felix/git/rpio/mdb/pages-vendors/snippets/rrn-quick-example.js :: WatchInfo: /home/felix/git/rpio/mdb/pages-vendors 1 Project: /home/felix/git/rpio/mdb/pages-vendors/jsconfig.json WatchType: Wild card directory
Info 285  [11:53:12.503] DirectoryWatcher:: Triggered with /home/felix/git/rpio/mdb/pages-vendors/tests/unit/routes/docs/rijksregisternummer-api-test.js :: WatchInfo: /home/felix/git/rpio/mdb/pages-vendors 1 Project: /home/felix/git/rpio/mdb/pages-vendors/jsconfig.json WatchType: Wild card directory
Info 286  [11:53:12.503] Elapsed:: 0ms DirectoryWatcher:: Triggered with /home/felix/git/rpio/mdb/pages-vendors/tests/unit/routes/docs/rijksregisternummer-api-test.js :: WatchInfo: /home/felix/git/rpio/mdb/pages-vendors 1 Project: /home/felix/git/rpio/mdb/pages-vendors/jsconfig.json WatchType: Wild card directory
Info 287  [11:53:12.504] DirectoryWatcher:: Triggered with /home/felix/git/rpio/mdb/pages-vendors/tests/unit/routes/docs/rijksregisternummer-api-test.js :: WatchInfo: /home/felix/git/rpio/mdb/pages-vendors/tests 1 Project: /home/felix/git/rpio/mdb/pages-vendors/jsconfig.json WatchType: Failed Lookup Locations
Info 288  [11:53:12.504] Elapsed:: 0ms DirectoryWatcher:: Triggered with /home/felix/git/rpio/mdb/pages-vendors/tests/unit/routes/docs/rijksregisternummer-api-test.js :: WatchInfo: /home/felix/git/rpio/mdb/pages-vendors/tests 1 Project: /home/felix/git/rpio/mdb/pages-vendors/jsconfig.json WatchType: Failed Lookup Locations
Info 289  [11:53:12.505] DirectoryWatcher:: Triggered with /home/felix/git/rpio/mdb/pages-vendors/app/router.js :: WatchInfo: /home/felix/git/rpio/mdb/pages-vendors 1 Project: /home/felix/git/rpio/mdb/pages-vendors/jsconfig.json WatchType: Wild card directory
Info 290  [11:53:12.505] Elapsed:: 0ms DirectoryWatcher:: Triggered with /home/felix/git/rpio/mdb/pages-vendors/app/router.js :: WatchInfo: /home/felix/git/rpio/mdb/pages-vendors 1 Project: /home/felix/git/rpio/mdb/pages-vendors/jsconfig.json WatchType: Wild card directory
Info 291  [11:53:12.505] DirectoryWatcher:: Triggered with /home/felix/git/rpio/mdb/pages-vendors/app/router.js :: WatchInfo: /home/felix/git/rpio/mdb/pages-vendors/app 1 Project: /home/felix/git/rpio/mdb/pages-vendors/jsconfig.json WatchType: Failed Lookup Locations
Info 292  [11:53:12.506] Elapsed:: 1ms DirectoryWatcher:: Triggered with /home/felix/git/rpio/mdb/pages-vendors/app/router.js :: WatchInfo: /home/felix/git/rpio/mdb/pages-vendors/app 1 Project: /home/felix/git/rpio/mdb/pages-vendors/jsconfig.json WatchType: Failed Lookup Locations
Info 293  [11:53:12.507] DirectoryWatcher:: Triggered with /home/felix/git/rpio/mdb/pages-vendors/app/router.js :: WatchInfo: /home/felix/git/rpio/mdb/pages-vendors 1 Project: /home/felix/git/rpio/mdb/pages-vendors/jsconfig.json WatchType: Wild card directory
Info 294  [11:53:12.507] Elapsed:: 0ms DirectoryWatcher:: Triggered with /home/felix/git/rpio/mdb/pages-vendors/app/router.js :: WatchInfo: /home/felix/git/rpio/mdb/pages-vendors 1 Project: /home/felix/git/rpio/mdb/pages-vendors/jsconfig.json WatchType: Wild card directory
Info 295  [11:53:12.507] DirectoryWatcher:: Triggered with /home/felix/git/rpio/mdb/pages-vendors/app/router.js :: WatchInfo: /home/felix/git/rpio/mdb/pages-vendors/app 1 Project: /home/felix/git/rpio/mdb/pages-vendors/jsconfig.json WatchType: Failed Lookup Locations
Info 296  [11:53:12.508] Elapsed:: 1ms DirectoryWatcher:: Triggered with /home/felix/git/rpio/mdb/pages-vendors/app/router.js :: WatchInfo: /home/felix/git/rpio/mdb/pages-vendors/app 1 Project: /home/felix/git/rpio/mdb/pages-vendors/jsconfig.json WatchType: Failed Lookup Locations
Info 297  [11:53:12.509] DirectoryWatcher:: Triggered with /home/felix/git/rpio/mdb/pages-vendors/app/templates/docs/submission-api.hbs :: WatchInfo: /home/felix/git/rpio/mdb/pages-vendors 1 Project: /home/felix/git/rpio/mdb/pages-vendors/jsconfig.json WatchType: Wild card directory
Info 298  [11:53:12.509] Project: /home/felix/git/rpio/mdb/pages-vendors/jsconfig.json Detected file add/remove of non supported extension: /home/felix/git/rpio/mdb/pages-vendors/app/templates/docs/submission-api.hbs
Info 299  [11:53:12.509] Elapsed:: 0ms DirectoryWatcher:: Triggered with /home/felix/git/rpio/mdb/pages-vendors/app/templates/docs/submission-api.hbs :: WatchInfo: /home/felix/git/rpio/mdb/pages-vendors 1 Project: /home/felix/git/rpio/mdb/pages-vendors/jsconfig.json WatchType: Wild card directory
Info 300  [11:53:12.509] DirectoryWatcher:: Triggered with /home/felix/git/rpio/mdb/pages-vendors/app/templates/docs/submission-api.hbs :: WatchInfo: /home/felix/git/rpio/mdb/pages-vendors/app 1 Project: /home/felix/git/rpio/mdb/pages-vendors/jsconfig.json WatchType: Failed Lookup Locations
Info 301  [11:53:12.509] Elapsed:: 0ms DirectoryWatcher:: Triggered with /home/felix/git/rpio/mdb/pages-vendors/app/templates/docs/submission-api.hbs :: WatchInfo: /home/felix/git/rpio/mdb/pages-vendors/app 1 Project: /home/felix/git/rpio/mdb/pages-vendors/jsconfig.json WatchType: Failed Lookup Locations
Info 302  [11:53:12.510] DirectoryWatcher:: Triggered with /home/felix/git/rpio/mdb/pages-vendors/app/templates/docs/submission-api.hbs :: WatchInfo: /home/felix/git/rpio/mdb/pages-vendors 1 Project: /home/felix/git/rpio/mdb/pages-vendors/jsconfig.json WatchType: Wild card directory
Info 303  [11:53:12.510] Project: /home/felix/git/rpio/mdb/pages-vendors/jsconfig.json Detected file add/remove of non supported extension: /home/felix/git/rpio/mdb/pages-vendors/app/templates/docs/submission-api.hbs
Info 304  [11:53:12.510] Elapsed:: 0ms DirectoryWatcher:: Triggered with /home/felix/git/rpio/mdb/pages-vendors/app/templates/docs/submission-api.hbs :: WatchInfo: /home/felix/git/rpio/mdb/pages-vendors 1 Project: /home/felix/git/rpio/mdb/pages-vendors/jsconfig.json WatchType: Wild card directory
Info 305  [11:53:12.510] DirectoryWatcher:: Triggered with /home/felix/git/rpio/mdb/pages-vendors/app/templates/docs/submission-api.hbs :: WatchInfo: /home/felix/git/rpio/mdb/pages-vendors/app 1 Project: /home/felix/git/rpio/mdb/pages-vendors/jsconfig.json WatchType: Failed Lookup Locations
Info 306  [11:53:12.511] Elapsed:: 1ms DirectoryWatcher:: Triggered with /home/felix/git/rpio/mdb/pages-vendors/app/templates/docs/submission-api.hbs :: WatchInfo: /home/felix/git/rpio/mdb/pages-vendors/app 1 Project: /home/felix/git/rpio/mdb/pages-vendors/jsconfig.json WatchType: Failed Lookup Locations
Info 307  [11:53:12.511] DirectoryWatcher:: Triggered with /home/felix/git/rpio/mdb/pages-vendors/app/templates/index.hbs :: WatchInfo: /home/felix/git/rpio/mdb/pages-vendors 1 Project: /home/felix/git/rpio/mdb/pages-vendors/jsconfig.json WatchType: Wild card directory
Info 308  [11:53:12.511] Project: /home/felix/git/rpio/mdb/pages-vendors/jsconfig.json Detected file add/remove of non supported extension: /home/felix/git/rpio/mdb/pages-vendors/app/templates/index.hbs
Info 309  [11:53:12.511] Elapsed:: 0ms DirectoryWatcher:: Triggered with /home/felix/git/rpio/mdb/pages-vendors/app/templates/index.hbs :: WatchInfo: /home/felix/git/rpio/mdb/pages-vendors 1 Project: /home/felix/git/rpio/mdb/pages-vendors/jsconfig.json WatchType: Wild card directory
Info 310  [11:53:12.511] DirectoryWatcher:: Triggered with /home/felix/git/rpio/mdb/pages-vendors/app/templates/index.hbs :: WatchInfo: /home/felix/git/rpio/mdb/pages-vendors/app 1 Project: /home/felix/git/rpio/mdb/pages-vendors/jsconfig.json WatchType: Failed Lookup Locations
Info 311  [11:53:12.512] Elapsed:: 1ms DirectoryWatcher:: Triggered with /home/felix/git/rpio/mdb/pages-vendors/app/templates/index.hbs :: WatchInfo: /home/felix/git/rpio/mdb/pages-vendors/app 1 Project: /home/felix/git/rpio/mdb/pages-vendors/jsconfig.json WatchType: Failed Lookup Locations
Info 312  [11:53:12.512] DirectoryWatcher:: Triggered with /home/felix/git/rpio/mdb/pages-vendors/app/templates/index.hbs :: WatchInfo: /home/felix/git/rpio/mdb/pages-vendors 1 Project: /home/felix/git/rpio/mdb/pages-vendors/jsconfig.json WatchType: Wild card directory
Info 313  [11:53:12.513] Project: /home/felix/git/rpio/mdb/pages-vendors/jsconfig.json Detected file add/remove of non supported extension: /home/felix/git/rpio/mdb/pages-vendors/app/templates/index.hbs
Info 314  [11:53:12.513] Elapsed:: 1ms DirectoryWatcher:: Triggered with /home/felix/git/rpio/mdb/pages-vendors/app/templates/index.hbs :: WatchInfo: /home/felix/git/rpio/mdb/pages-vendors 1 Project: /home/felix/git/rpio/mdb/pages-vendors/jsconfig.json WatchType: Wild card directory
Info 315  [11:53:12.513] DirectoryWatcher:: Triggered with /home/felix/git/rpio/mdb/pages-vendors/app/templates/index.hbs :: WatchInfo: /home/felix/git/rpio/mdb/pages-vendors/app 1 Project: /home/felix/git/rpio/mdb/pages-vendors/jsconfig.json WatchType: Failed Lookup Locations
Info 316  [11:53:12.513] Elapsed:: 0ms DirectoryWatcher:: Triggered with /home/felix/git/rpio/mdb/pages-vendors/app/templates/index.hbs :: WatchInfo: /home/felix/git/rpio/mdb/pages-vendors/app 1 Project: /home/felix/git/rpio/mdb/pages-vendors/jsconfig.json WatchType: Failed Lookup Locations
Info 317  [11:53:12.758] Starting updateGraphWorker: Project: /home/felix/git/rpio/mdb/pages-vendors/jsconfig.json
Info 318  [11:53:13.902] Finishing updateGraphWorker: Project: /home/felix/git/rpio/mdb/pages-vendors/jsconfig.json Version: 38 structureChanged: true Elapsed: 1144ms
Info 319  [11:53:13.902] Project '/home/felix/git/rpio/mdb/pages-vendors/jsconfig.json' (Configured) 
Info 320  [11:53:13.902] 	Files (442)

Info 321  [11:53:13.902] -----------------------------------------------
Info 322  [11:53:13.904] Structure before ensureProjectForOpenFiles:
Info 323  [11:53:13.906] Starting updateGraphWorker: Project: /dev/null/inferredProject1*
Info 324  [11:53:14.494] Finishing updateGraphWorker: Project: /dev/null/inferredProject1* Version: 1 structureChanged: true Elapsed: 588ms
Info 325  [11:53:14.494] Project '/dev/null/inferredProject1*' (Inferred) 
Info 326  [11:53:14.494] 	Files (93)

Info 327  [11:53:14.494] -----------------------------------------------
Info 328  [11:53:14.495] Starting updateGraphWorker: Project: /dev/null/inferredProject2*
Info 329  [11:53:14.543] Finishing updateGraphWorker: Project: /dev/null/inferredProject2* Version: 1 structureChanged: true Elapsed: 48ms
Info 330  [11:53:14.543] Project '/dev/null/inferredProject2*' (Inferred) 
Info 331  [11:53:14.543] 	Files (93)

Info 332  [11:53:14.543] -----------------------------------------------
Info 333  [11:53:14.543] Structure after ensureProjectForOpenFiles:
Info 334  [11:53:14.543] got projects updated in background, updating diagnostics for /home/felix/git/rpio/mdb/pages-vendors/snippets/rrn-quick-example.js,/home/felix/git/rpio/mdb/pages-vendors/snippets/rrn-quick-example-response.js,/home/felix/git/rpio/mdb/pages-vendors/app/router.js,/home/felix/git/rpio/mdb/pages-vendors/app/app.js
Info 335  [11:53:14.549] DirectoryWatcher:: Triggered with /home/felix/git/rpio/mdb/pages-vendors/dist/assets/chunk.338b4fe2f56e53104788.js :: WatchInfo: /home/felix/git/rpio/mdb/pages-vendors 1 Project: /home/felix/git/rpio/mdb/pages-vendors/jsconfig.json WatchType: Wild card directory
Info 336  [11:53:14.549] Elapsed:: 0ms DirectoryWatcher:: Triggered with /home/felix/git/rpio/mdb/pages-vendors/dist/assets/chunk.338b4fe2f56e53104788.js :: WatchInfo: /home/felix/git/rpio/mdb/pages-vendors 1 Project: /home/felix/git/rpio/mdb/pages-vendors/jsconfig.json WatchType: Wild card directory
Info 337  [11:53:14.549] DirectoryWatcher:: Triggered with /home/felix/git/rpio/mdb/pages-vendors/dist/assets/chunk.34d91edf2197ee971b69.js :: WatchInfo: /home/felix/git/rpio/mdb/pages-vendors 1 Project: /home/felix/git/rpio/mdb/pages-vendors/jsconfig.json WatchType: Wild card directory
Info 338  [11:53:14.549] Elapsed:: 0ms DirectoryWatcher:: Triggered with /home/felix/git/rpio/mdb/pages-vendors/dist/assets/chunk.34d91edf2197ee971b69.js :: WatchInfo: /home/felix/git/rpio/mdb/pages-vendors 1 Project: /home/felix/git/rpio/mdb/pages-vendors/jsconfig.json WatchType: Wild card directory
Info 339  [11:53:14.551] FileWatcher:: Triggered with /home/felix/git/rpio/mdb/pages-vendors/tests/unit/routes/docs/rijksregisternummer-api-test.js 2:: WatchInfo: /home/felix/git/rpio/mdb/pages-vendors/tests/unit/routes/docs/rijksregisternummer-api-test.js 500 Project:  WatchType: Closed Script info
Info 340  [11:53:14.552] Elapsed:: 1ms FileWatcher:: Triggered with /home/felix/git/rpio/mdb/pages-vendors/tests/unit/routes/docs/rijksregisternummer-api-test.js 2:: WatchInfo: /home/felix/git/rpio/mdb/pages-vendors/tests/unit/routes/docs/rijksregisternummer-api-test.js 500 Project:  WatchType: Closed Script info
Info 341  [11:53:14.552] FileWatcher:: Triggered with /home/felix/git/rpio/mdb/pages-vendors/app/routes/docs/rijksregisternummer-api.js 2:: WatchInfo: /home/felix/git/rpio/mdb/pages-vendors/app/routes/docs/rijksregisternummer-api.js 500 Project:  WatchType: Closed Script info
Info 342  [11:53:14.552] Elapsed:: 0ms FileWatcher:: Triggered with /home/felix/git/rpio/mdb/pages-vendors/app/routes/docs/rijksregisternummer-api.js 2:: WatchInfo: /home/felix/git/rpio/mdb/pages-vendors/app/routes/docs/rijksregisternummer-api.js 500 Project:  WatchType: Closed Script info
Info 343  [11:53:14.555] Starting updateGraphWorker: Project: /home/felix/git/rpio/mdb/pages-vendors/jsconfig.json
Info 344  [11:53:14.567] Finishing updateGraphWorker: Project: /home/felix/git/rpio/mdb/pages-vendors/jsconfig.json Version: 39 structureChanged: false Elapsed: 12ms
Info 345  [11:53:14.567] Project '/home/felix/git/rpio/mdb/pages-vendors/jsconfig.json' (Configured) 
Info 346  [11:53:14.567] 	Files (442)

Info 347  [11:53:14.567] -----------------------------------------------
Info 348  [11:53:14.803] Structure before ensureProjectForOpenFiles:
Info 349  [11:53:14.803] Structure after ensureProjectForOpenFiles:
Info 350  [11:53:14.803] got projects updated in background, updating diagnostics for /home/felix/git/rpio/mdb/pages-vendors/snippets/rrn-quick-example.js,/home/felix/git/rpio/mdb/pages-vendors/snippets/rrn-quick-example-response.js,/home/felix/git/rpio/mdb/pages-vendors/app/router.js,/home/felix/git/rpio/mdb/pages-vendors/app/app.js
Info 351  [11:53:15.106] Starting updateGraphWorker: Project: /home/felix/git/rpio/mdb/pages-vendors/jsconfig.json
Info 352  [11:53:15.308] Finishing updateGraphWorker: Project: /home/felix/git/rpio/mdb/pages-vendors/jsconfig.json Version: 40 structureChanged: true Elapsed: 202ms
Info 353  [11:53:15.309] Project '/home/felix/git/rpio/mdb/pages-vendors/jsconfig.json' (Configured) 
Info 354  [11:53:15.309] 	Files (442)

Info 355  [11:53:15.309] -----------------------------------------------
Info 356  [11:53:15.560] Starting updateGraphWorker: Project: /dev/null/inferredProject1*
Info 357  [11:53:15.573] Finishing updateGraphWorker: Project: /dev/null/inferredProject1* Version: 2 structureChanged: false Elapsed: 12ms
Info 358  [11:53:15.574] Project '/dev/null/inferredProject1*' (Inferred) 
Info 359  [11:53:15.574] 	Files (93)

Info 360  [11:53:15.574] -----------------------------------------------
Info 361  [11:53:15.574] Starting updateGraphWorker: Project: /dev/null/inferredProject2*
Info 362  [11:53:15.585] Finishing updateGraphWorker: Project: /dev/null/inferredProject2* Version: 2 structureChanged: false Elapsed: 11ms
Info 363  [11:53:15.585] Project '/dev/null/inferredProject2*' (Inferred) 
Info 364  [11:53:15.585] 	Files (93)

Info 365  [11:53:15.585] -----------------------------------------------
Info 366  [11:53:15.585] Structure before ensureProjectForOpenFiles:
Info 367  [11:53:15.585] Structure after ensureProjectForOpenFiles:
Info 368  [11:53:15.585] got projects updated in background, updating diagnostics for /home/felix/git/rpio/mdb/pages-vendors/snippets/rrn-quick-example.js,/home/felix/git/rpio/mdb/pages-vendors/snippets/rrn-quick-example-response.js,/home/felix/git/rpio/mdb/pages-vendors/app/router.js,/home/felix/git/rpio/mdb/pages-vendors/app/app.js
Info 369  [11:53:28.32] DirectoryWatcher:: Triggered with /home/felix/git/rpio/mdb/pages-vendors/app/router.js :: WatchInfo: /home/felix/git/rpio/mdb/pages-vendors 1 Project: /home/felix/git/rpio/mdb/pages-vendors/jsconfig.json WatchType: Wild card directory
Info 370  [11:53:28.32] Elapsed:: 0ms DirectoryWatcher:: Triggered with /home/felix/git/rpio/mdb/pages-vendors/app/router.js :: WatchInfo: /home/felix/git/rpio/mdb/pages-vendors 1 Project: /home/felix/git/rpio/mdb/pages-vendors/jsconfig.json WatchType: Wild card directory
Info 371  [11:53:28.32] DirectoryWatcher:: Triggered with /home/felix/git/rpio/mdb/pages-vendors/app/router.js :: WatchInfo: /home/felix/git/rpio/mdb/pages-vendors/app 1 Project: /home/felix/git/rpio/mdb/pages-vendors/jsconfig.json WatchType: Failed Lookup Locations
Info 372  [11:53:28.33] Elapsed:: 1ms DirectoryWatcher:: Triggered with /home/felix/git/rpio/mdb/pages-vendors/app/router.js :: WatchInfo: /home/felix/git/rpio/mdb/pages-vendors/app 1 Project: /home/felix/git/rpio/mdb/pages-vendors/jsconfig.json WatchType: Failed Lookup Locations
Info 373  [11:53:28.36] DirectoryWatcher:: Triggered with /home/felix/git/rpio/mdb/pages-vendors/app/router.js :: WatchInfo: /home/felix/git/rpio/mdb/pages-vendors 1 Project: /home/felix/git/rpio/mdb/pages-vendors/jsconfig.json WatchType: Wild card directory
Info 374  [11:53:28.36] Elapsed:: 0ms DirectoryWatcher:: Triggered with /home/felix/git/rpio/mdb/pages-vendors/app/router.js :: WatchInfo: /home/felix/git/rpio/mdb/pages-vendors 1 Project: /home/felix/git/rpio/mdb/pages-vendors/jsconfig.json WatchType: Wild card directory
Info 375  [11:53:28.36] DirectoryWatcher:: Triggered with /home/felix/git/rpio/mdb/pages-vendors/app/router.js :: WatchInfo: /home/felix/git/rpio/mdb/pages-vendors/app 1 Project: /home/felix/git/rpio/mdb/pages-vendors/jsconfig.json WatchType: Failed Lookup Locations
Info 376  [11:53:28.37] Elapsed:: 1ms DirectoryWatcher:: Triggered with /home/felix/git/rpio/mdb/pages-vendors/app/router.js :: WatchInfo: /home/felix/git/rpio/mdb/pages-vendors/app 1 Project: /home/felix/git/rpio/mdb/pages-vendors/jsconfig.json WatchType: Failed Lookup Locations
Info 377  [11:53:28.38] DirectoryWatcher:: Triggered with /home/felix/git/rpio/mdb/pages-vendors/app/routes/docs/rijksregisternummer-api.js :: WatchInfo: /home/felix/git/rpio/mdb/pages-vendors 1 Project: /home/felix/git/rpio/mdb/pages-vendors/jsconfig.json WatchType: Wild card directory
Info 378  [11:53:28.39] Elapsed:: 1ms DirectoryWatcher:: Triggered with /home/felix/git/rpio/mdb/pages-vendors/app/routes/docs/rijksregisternummer-api.js :: WatchInfo: /home/felix/git/rpio/mdb/pages-vendors 1 Project: /home/felix/git/rpio/mdb/pages-vendors/jsconfig.json WatchType: Wild card directory
Info 379  [11:53:28.39] DirectoryWatcher:: Triggered with /home/felix/git/rpio/mdb/pages-vendors/app/routes/docs/rijksregisternummer-api.js :: WatchInfo: /home/felix/git/rpio/mdb/pages-vendors/app 1 Project: /home/felix/git/rpio/mdb/pages-vendors/jsconfig.json WatchType: Failed Lookup Locations
Info 380  [11:53:28.40] Elapsed:: 1ms DirectoryWatcher:: Triggered with /home/felix/git/rpio/mdb/pages-vendors/app/routes/docs/rijksregisternummer-api.js :: WatchInfo: /home/felix/git/rpio/mdb/pages-vendors/app 1 Project: /home/felix/git/rpio/mdb/pages-vendors/jsconfig.json WatchType: Failed Lookup Locations
Info 381  [11:53:28.41] DirectoryWatcher:: Triggered with /home/felix/git/rpio/mdb/pages-vendors/app/templates/docs/rijksregisternummer-api.hbs :: WatchInfo: /home/felix/git/rpio/mdb/pages-vendors 1 Project: /home/felix/git/rpio/mdb/pages-vendors/jsconfig.json WatchType: Wild card directory
Info 382  [11:53:28.41] Project: /home/felix/git/rpio/mdb/pages-vendors/jsconfig.json Detected file add/remove of non supported extension: /home/felix/git/rpio/mdb/pages-vendors/app/templates/docs/rijksregisternummer-api.hbs
Info 383  [11:53:28.41] Elapsed:: 0ms DirectoryWatcher:: Triggered with /home/felix/git/rpio/mdb/pages-vendors/app/templates/docs/rijksregisternummer-api.hbs :: WatchInfo: /home/felix/git/rpio/mdb/pages-vendors 1 Project: /home/felix/git/rpio/mdb/pages-vendors/jsconfig.json WatchType: Wild card directory
Info 384  [11:53:28.42] DirectoryWatcher:: Triggered with /home/felix/git/rpio/mdb/pages-vendors/app/templates/docs/rijksregisternummer-api.hbs :: WatchInfo: /home/felix/git/rpio/mdb/pages-vendors/app 1 Project: /home/felix/git/rpio/mdb/pages-vendors/jsconfig.json WatchType: Failed Lookup Locations
Info 385  [11:53:28.42] Elapsed:: 0ms DirectoryWatcher:: Triggered with /home/felix/git/rpio/mdb/pages-vendors/app/templates/docs/rijksregisternummer-api.hbs :: WatchInfo: /home/felix/git/rpio/mdb/pages-vendors/app 1 Project: /home/felix/git/rpio/mdb/pages-vendors/jsconfig.json WatchType: Failed Lookup Locations
Info 386  [11:53:28.42] DirectoryWatcher:: Triggered with /home/felix/git/rpio/mdb/pages-vendors/app/templates/docs/submission-api.hbs :: WatchInfo: /home/felix/git/rpio/mdb/pages-vendors 1 Project: /home/felix/git/rpio/mdb/pages-vendors/jsconfig.json WatchType: Wild card directory
Info 387  [11:53:28.43] Project: /home/felix/git/rpio/mdb/pages-vendors/jsconfig.json Detected file add/remove of non supported extension: /home/felix/git/rpio/mdb/pages-vendors/app/templates/docs/submission-api.hbs
Info 388  [11:53:28.43] Elapsed:: 0ms DirectoryWatcher:: Triggered with /home/felix/git/rpio/mdb/pages-vendors/app/templates/docs/submission-api.hbs :: WatchInfo: /home/felix/git/rpio/mdb/pages-vendors 1 Project: /home/felix/git/rpio/mdb/pages-vendors/jsconfig.json WatchType: Wild card directory
Info 389  [11:53:28.43] DirectoryWatcher:: Triggered with /home/felix/git/rpio/mdb/pages-vendors/app/templates/docs/submission-api.hbs :: WatchInfo: /home/felix/git/rpio/mdb/pages-vendors/app 1 Project: /home/felix/git/rpio/mdb/pages-vendors/jsconfig.json WatchType: Failed Lookup Locations
Info 390  [11:53:28.43] Elapsed:: 0ms DirectoryWatcher:: Triggered with /home/felix/git/rpio/mdb/pages-vendors/app/templates/docs/submission-api.hbs :: WatchInfo: /home/felix/git/rpio/mdb/pages-vendors/app 1 Project: /home/felix/git/rpio/mdb/pages-vendors/jsconfig.json WatchType: Failed Lookup Locations
Info 391  [11:53:28.43] DirectoryWatcher:: Triggered with /home/felix/git/rpio/mdb/pages-vendors/app/templates/docs/submission-api.hbs :: WatchInfo: /home/felix/git/rpio/mdb/pages-vendors 1 Project: /home/felix/git/rpio/mdb/pages-vendors/jsconfig.json WatchType: Wild card directory
Info 392  [11:53:28.44] Project: /home/felix/git/rpio/mdb/pages-vendors/jsconfig.json Detected file add/remove of non supported extension: /home/felix/git/rpio/mdb/pages-vendors/app/templates/docs/submission-api.hbs
Info 393  [11:53:28.44] Elapsed:: 1ms DirectoryWatcher:: Triggered with /home/felix/git/rpio/mdb/pages-vendors/app/templates/docs/submission-api.hbs :: WatchInfo: /home/felix/git/rpio/mdb/pages-vendors 1 Project: /home/felix/git/rpio/mdb/pages-vendors/jsconfig.json WatchType: Wild card directory
Info 394  [11:53:28.44] DirectoryWatcher:: Triggered with /home/felix/git/rpio/mdb/pages-vendors/app/templates/docs/submission-api.hbs :: WatchInfo: /home/felix/git/rpio/mdb/pages-vendors/app 1 Project: /home/felix/git/rpio/mdb/pages-vendors/jsconfig.json WatchType: Failed Lookup Locations
Info 395  [11:53:28.44] Elapsed:: 0ms DirectoryWatcher:: Triggered with /home/felix/git/rpio/mdb/pages-vendors/app/templates/docs/submission-api.hbs :: WatchInfo: /home/felix/git/rpio/mdb/pages-vendors/app 1 Project: /home/felix/git/rpio/mdb/pages-vendors/jsconfig.json WatchType: Failed Lookup Locations
Info 396  [11:53:28.44] DirectoryWatcher:: Triggered with /home/felix/git/rpio/mdb/pages-vendors/app/templates/index.hbs :: WatchInfo: /home/felix/git/rpio/mdb/pages-vendors 1 Project: /home/felix/git/rpio/mdb/pages-vendors/jsconfig.json WatchType: Wild card directory
Info 397  [11:53:28.45] Project: /home/felix/git/rpio/mdb/pages-vendors/jsconfig.json Detected file add/remove of non supported extension: /home/felix/git/rpio/mdb/pages-vendors/app/templates/index.hbs
Info 398  [11:53:28.45] Elapsed:: 0ms DirectoryWatcher:: Triggered with /home/felix/git/rpio/mdb/pages-vendors/app/templates/index.hbs :: WatchInfo: /home/felix/git/rpio/mdb/pages-vendors 1 Project: /home/felix/git/rpio/mdb/pages-vendors/jsconfig.json WatchType: Wild card directory
Info 399  [11:53:28.45] DirectoryWatcher:: Triggered with /home/felix/git/rpio/mdb/pages-vendors/app/templates/index.hbs :: WatchInfo: /home/felix/git/rpio/mdb/pages-vendors/app 1 Project: /home/felix/git/rpio/mdb/pages-vendors/jsconfig.json WatchType: Failed Lookup Locations
Info 400  [11:53:28.45] Elapsed:: 0ms DirectoryWatcher:: Triggered with /home/felix/git/rpio/mdb/pages-vendors/app/templates/index.hbs :: WatchInfo: /home/felix/git/rpio/mdb/pages-vendors/app 1 Project: /home/felix/git/rpio/mdb/pages-vendors/jsconfig.json WatchType: Failed Lookup Locations
Info 401  [11:53:28.46] DirectoryWatcher:: Triggered with /home/felix/git/rpio/mdb/pages-vendors/app/templates/index.hbs :: WatchInfo: /home/felix/git/rpio/mdb/pages-vendors 1 Project: /home/felix/git/rpio/mdb/pages-vendors/jsconfig.json WatchType: Wild card directory
Info 402  [11:53:28.46] Project: /home/felix/git/rpio/mdb/pages-vendors/jsconfig.json Detected file add/remove of non supported extension: /home/felix/git/rpio/mdb/pages-vendors/app/templates/index.hbs
Info 403  [11:53:28.46] Elapsed:: 0ms DirectoryWatcher:: Triggered with /home/felix/git/rpio/mdb/pages-vendors/app/templates/index.hbs :: WatchInfo: /home/felix/git/rpio/mdb/pages-vendors 1 Project: /home/felix/git/rpio/mdb/pages-vendors/jsconfig.json WatchType: Wild card directory
Info 404  [11:53:28.46] DirectoryWatcher:: Triggered with /home/felix/git/rpio/mdb/pages-vendors/app/templates/index.hbs :: WatchInfo: /home/felix/git/rpio/mdb/pages-vendors/app 1 Project: /home/felix/git/rpio/mdb/pages-vendors/jsconfig.json WatchType: Failed Lookup Locations
Info 405  [11:53:28.46] Elapsed:: 0ms DirectoryWatcher:: Triggered with /home/felix/git/rpio/mdb/pages-vendors/app/templates/index.hbs :: WatchInfo: /home/felix/git/rpio/mdb/pages-vendors/app 1 Project: /home/felix/git/rpio/mdb/pages-vendors/jsconfig.json WatchType: Failed Lookup Locations
Info 406  [11:53:28.47] DirectoryWatcher:: Triggered with /home/felix/git/rpio/mdb/pages-vendors/snippets/rrn-quick-example-response.js :: WatchInfo: /home/felix/git/rpio/mdb/pages-vendors 1 Project: /home/felix/git/rpio/mdb/pages-vendors/jsconfig.json WatchType: Wild card directory
Info 407  [11:53:28.47] Elapsed:: 0ms DirectoryWatcher:: Triggered with /home/felix/git/rpio/mdb/pages-vendors/snippets/rrn-quick-example-response.js :: WatchInfo: /home/felix/git/rpio/mdb/pages-vendors 1 Project: /home/felix/git/rpio/mdb/pages-vendors/jsconfig.json WatchType: Wild card directory
Info 408  [11:53:28.48] DirectoryWatcher:: Triggered with /home/felix/git/rpio/mdb/pages-vendors/snippets/rrn-quick-example.js :: WatchInfo: /home/felix/git/rpio/mdb/pages-vendors 1 Project: /home/felix/git/rpio/mdb/pages-vendors/jsconfig.json WatchType: Wild card directory
Info 409  [11:53:28.48] Elapsed:: 0ms DirectoryWatcher:: Triggered with /home/felix/git/rpio/mdb/pages-vendors/snippets/rrn-quick-example.js :: WatchInfo: /home/felix/git/rpio/mdb/pages-vendors 1 Project: /home/felix/git/rpio/mdb/pages-vendors/jsconfig.json WatchType: Wild card directory
Info 410  [11:53:28.49] DirectoryWatcher:: Triggered with /home/felix/git/rpio/mdb/pages-vendors/tests/unit/routes/docs/rijksregisternummer-api-test.js :: WatchInfo: /home/felix/git/rpio/mdb/pages-vendors 1 Project: /home/felix/git/rpio/mdb/pages-vendors/jsconfig.json WatchType: Wild card directory
Info 411  [11:53:28.49] Elapsed:: 0ms DirectoryWatcher:: Triggered with /home/felix/git/rpio/mdb/pages-vendors/tests/unit/routes/docs/rijksregisternummer-api-test.js :: WatchInfo: /home/felix/git/rpio/mdb/pages-vendors 1 Project: /home/felix/git/rpio/mdb/pages-vendors/jsconfig.json WatchType: Wild card directory
Info 412  [11:53:28.49] DirectoryWatcher:: Triggered with /home/felix/git/rpio/mdb/pages-vendors/tests/unit/routes/docs/rijksregisternummer-api-test.js :: WatchInfo: /home/felix/git/rpio/mdb/pages-vendors/tests 1 Project: /home/felix/git/rpio/mdb/pages-vendors/jsconfig.json WatchType: Failed Lookup Locations
Info 413  [11:53:28.49] Elapsed:: 0ms DirectoryWatcher:: Triggered with /home/felix/git/rpio/mdb/pages-vendors/tests/unit/routes/docs/rijksregisternummer-api-test.js :: WatchInfo: /home/felix/git/rpio/mdb/pages-vendors/tests 1 Project: /home/felix/git/rpio/mdb/pages-vendors/jsconfig.json WatchType: Failed Lookup Locations
Info 414  [11:53:28.304] Starting updateGraphWorker: Project: /home/felix/git/rpio/mdb/pages-vendors/jsconfig.json
Info 415  [11:53:29.289] Finishing updateGraphWorker: Project: /home/felix/git/rpio/mdb/pages-vendors/jsconfig.json Version: 41 structureChanged: true Elapsed: 985ms
Info 416  [11:53:29.289] Project '/home/felix/git/rpio/mdb/pages-vendors/jsconfig.json' (Configured) 
Info 417  [11:53:29.290] 	Files (446)

Info 418  [11:53:29.290] -----------------------------------------------
Info 419  [11:53:29.290] Structure before ensureProjectForOpenFiles:
Info 420  [11:53:29.290] Starting updateGraphWorker: Project: /dev/null/inferredProject1*
Info 421  [11:53:29.293] Finishing updateGraphWorker: Project: /dev/null/inferredProject1* Version: 3 structureChanged: true Elapsed: 3ms
Info 422  [11:53:29.293] Project '/dev/null/inferredProject1*' (Inferred) 
Info 423  [11:53:29.293] 	Files (0)

Info 424  [11:53:29.293] -----------------------------------------------
Info 425  [11:53:29.294] Starting updateGraphWorker: Project: /dev/null/inferredProject2*
Info 426  [11:53:29.295] Finishing updateGraphWorker: Project: /dev/null/inferredProject2* Version: 3 structureChanged: true Elapsed: 1ms
Info 427  [11:53:29.295] Project '/dev/null/inferredProject2*' (Inferred) 
Info 428  [11:53:29.295] 	Files (0)

Info 429  [11:53:29.295] -----------------------------------------------
Info 430  [11:53:29.295] Structure after ensureProjectForOpenFiles:
Info 431  [11:53:29.295] got projects updated in background, updating diagnostics for /home/felix/git/rpio/mdb/pages-vendors/snippets/rrn-quick-example.js,/home/felix/git/rpio/mdb/pages-vendors/snippets/rrn-quick-example-response.js,/home/felix/git/rpio/mdb/pages-vendors/app/router.js,/home/felix/git/rpio/mdb/pages-vendors/app/app.js
Info 432  [11:53:29.449] Starting updateGraphWorker: Project: /home/felix/git/rpio/mdb/pages-vendors/jsconfig.json
Info 433  [11:53:29.468] Finishing updateGraphWorker: Project: /home/felix/git/rpio/mdb/pages-vendors/jsconfig.json Version: 42 structureChanged: false Elapsed: 19ms
Info 434  [11:53:29.468] Project '/home/felix/git/rpio/mdb/pages-vendors/jsconfig.json' (Configured) 
Info 435  [11:53:29.468] 	Files (446)

Info 436  [11:53:29.468] -----------------------------------------------
Info 437  [11:53:29.746] DirectoryWatcher:: Triggered with /home/felix/git/rpio/mdb/pages-vendors/dist/assets/chunk.59bd1c6ef05f5e12faa1.js :: WatchInfo: /home/felix/git/rpio/mdb/pages-vendors 1 Project: /home/felix/git/rpio/mdb/pages-vendors/jsconfig.json WatchType: Wild card directory
Info 438  [11:53:29.746] Elapsed:: 0ms DirectoryWatcher:: Triggered with /home/felix/git/rpio/mdb/pages-vendors/dist/assets/chunk.59bd1c6ef05f5e12faa1.js :: WatchInfo: /home/felix/git/rpio/mdb/pages-vendors 1 Project: /home/felix/git/rpio/mdb/pages-vendors/jsconfig.json WatchType: Wild card directory
Info 439  [11:53:29.746] DirectoryWatcher:: Triggered with /home/felix/git/rpio/mdb/pages-vendors/dist/assets/chunk.a98607b21de5600fbb9f.js :: WatchInfo: /home/felix/git/rpio/mdb/pages-vendors 1 Project: /home/felix/git/rpio/mdb/pages-vendors/jsconfig.json WatchType: Wild card directory
Info 440  [11:53:29.747] Elapsed:: 0ms DirectoryWatcher:: Triggered with /home/felix/git/rpio/mdb/pages-vendors/dist/assets/chunk.a98607b21de5600fbb9f.js :: WatchInfo: /home/felix/git/rpio/mdb/pages-vendors 1 Project: /home/felix/git/rpio/mdb/pages-vendors/jsconfig.json WatchType: Wild card directory
Info 441  [11:53:30.111] Starting updateGraphWorker: Project: /home/felix/git/rpio/mdb/pages-vendors/jsconfig.json
Info 442  [11:53:30.338] Finishing updateGraphWorker: Project: /home/felix/git/rpio/mdb/pages-vendors/jsconfig.json Version: 43 structureChanged: true Elapsed: 227ms
Info 443  [11:53:30.338] Project '/home/felix/git/rpio/mdb/pages-vendors/jsconfig.json' (Configured) 
Info 444  [11:53:30.338] 	Files (446)

Info 445  [11:53:30.338] -----------------------------------------------
Info 446  [11:53:30.339] Starting updateGraphWorker: Project: /dev/null/inferredProject1*
Info 447  [11:53:30.339] Finishing updateGraphWorker: Project: /dev/null/inferredProject1* Version: 4 structureChanged: false Elapsed: 0ms
Info 448  [11:53:30.345] Starting updateGraphWorker: Project: /dev/null/inferredProject2*
Info 449  [11:53:30.346] Finishing updateGraphWorker: Project: /dev/null/inferredProject2* Version: 4 structureChanged: false Elapsed: 1ms
Info 450  [11:53:30.346] Structure before ensureProjectForOpenFiles:
Info 451  [11:53:30.346] Structure after ensureProjectForOpenFiles:
Info 452  [11:53:30.346] got projects updated in background, updating diagnostics for /home/felix/git/rpio/mdb/pages-vendors/snippets/rrn-quick-example.js,/home/felix/git/rpio/mdb/pages-vendors/snippets/rrn-quick-example-response.js,/home/felix/git/rpio/mdb/pages-vendors/app/router.js,/home/felix/git/rpio/mdb/pages-vendors/app/app.js
Info 453  [11:53:43.148] Search path: /home/felix/git/rpio/mdb/pages-vendors/config
Info 454  [11:53:43.148] For info: /home/felix/git/rpio/mdb/pages-vendors/config/deploy.js :: Config file name: /home/felix/git/rpio/mdb/pages-vendors/jsconfig.json
Info 455  [11:53:43.148] `remove Project::
Info 456  [11:53:43.148] Project '/dev/null/inferredProject1*' (Inferred) 
Info 457  [11:53:43.148] 	Files (0)

Info 458  [11:53:43.148] -----------------------------------------------
Info 459  [11:53:43.149] `remove Project::
Info 460  [11:53:43.149] Project '/dev/null/inferredProject2*' (Inferred) 
Info 461  [11:53:43.149] 	Files (0)

Info 462  [11:53:43.149] -----------------------------------------------
Info 463  [11:55:40.981] Search path: /home/felix/git/rpio/mdb/pages-vendors/app
Info 464  [11:55:40.981] For info: /home/felix/git/rpio/mdb/pages-vendors/app/resolver.js :: Config file name: /home/felix/git/rpio/mdb/pages-vendors/jsconfig.json
Info 465  [11:56:2.900] DirectoryWatcher:: Triggered with /home/felix/git/rpio/mdb/pages-vendors/dist/assets/chunk.acdf1fcb8049f6361610.js :: WatchInfo: /home/felix/git/rpio/mdb/pages-vendors 1 Project: /home/felix/git/rpio/mdb/pages-vendors/jsconfig.json WatchType: Wild card directory
Info 466  [11:56:2.900] Elapsed:: 0ms DirectoryWatcher:: Triggered with /home/felix/git/rpio/mdb/pages-vendors/dist/assets/chunk.acdf1fcb8049f6361610.js :: WatchInfo: /home/felix/git/rpio/mdb/pages-vendors 1 Project: /home/felix/git/rpio/mdb/pages-vendors/jsconfig.json WatchType: Wild card directory
Info 467  [11:56:3.154] Starting updateGraphWorker: Project: /home/felix/git/rpio/mdb/pages-vendors/jsconfig.json
Info 468  [11:56:3.178] Finishing updateGraphWorker: Project: /home/felix/git/rpio/mdb/pages-vendors/jsconfig.json Version: 44 structureChanged: false Elapsed: 23ms
Info 469  [11:56:3.178] Project '/home/felix/git/rpio/mdb/pages-vendors/jsconfig.json' (Configured) 
Info 470  [11:56:3.178] 	Files (446)

Info 471  [11:56:3.178] -----------------------------------------------
Info 472  [11:56:3.178] Structure before ensureProjectForOpenFiles:
Info 473  [11:56:3.178] Structure after ensureProjectForOpenFiles:
Info 474  [11:56:3.178] got projects updated in background, updating diagnostics for /home/felix/git/rpio/mdb/pages-vendors/snippets/rrn-quick-example.js,/home/felix/git/rpio/mdb/pages-vendors/snippets/rrn-quick-example-response.js,/home/felix/git/rpio/mdb/pages-vendors/app/router.js,/home/felix/git/rpio/mdb/pages-vendors/app/app.js,/home/felix/git/rpio/mdb/pages-vendors/config/deploy.js,/home/felix/git/rpio/mdb/pages-vendors/app/resolver.js
